Base path: 'C:/Program Files/Unity/Hub/Editor/2019.4.18f1/Editor/Data', plugins path 'C:/Program Files/Unity/Hub/Editor/2019.4.18f1/Editor/Data/PlaybackEngines'
Cmd: initializeCompiler
Cmd: initializeCompiler
Cmd: compileComputeKernel
  api=15 insize=9421 outsize=16862 ok=1
Cmd: compileComputeKernel
  api=18 insize=9421 outsize=33077 ok=1
Cmd: compileComputeKernel
  api=4 insize=9421 outsize=8502 ok=1
Cmd: compileComputeKernel
  api=4 insize=9421 outsize=8722 ok=1
Cmd: compileComputeKernel
  api=18 insize=812 outsize=3609 ok=1
Cmd: compileComputeKernel
  api=15 insize=1505 outsize=1892 ok=1
Cmd: compileComputeKernel
  api=4 insize=1505 outsize=1455 ok=1
Cmd: compileComputeKernel
  api=15 insize=5188 outsize=11447 ok=1
Cmd: compileComputeKernel
  api=18 insize=5188 outsize=17193 ok=1
Cmd: compileComputeKernel
  api=4 insize=5188 outsize=3708 ok=1
Cmd: compileComputeKernel
  api=18 insize=1864 outsize=6517 ok=1
Cmd: compileComputeKernel
  api=18 insize=3420 outsize=198015 ok=1
Cmd: compileComputeKernel
  api=18 insize=7524 outsize=40094 ok=1
Cmd: compileComputeKernel
  api=18 insize=1697 outsize=4105 ok=1
Cmd: compileComputeKernel
  api=18 insize=2134 outsize=1256 ok=1
Cmd: compileComputeKernel
  api=4 insize=2134 outsize=372 ok=1
Cmd: compileComputeKernel
  api=15 insize=2953 outsize=1029 ok=1
Cmd: compileComputeKernel
  api=18 insize=2953 outsize=1259 ok=1
Cmd: compileSnippet
  api=4 type=0 insize=41108 outsize=1722 kw=UNITY_PASS_FORWARDBASE DIRECTIONAL SHADOWS_SCREEN LIGHTPROBE_SH pd=UNITY_ENABLE_REFLECTION_BUFFERS UNITY_USE_DITHER_MASK_FOR_ALPHABLENDED_SHADOWS UNITY_PBS_USE_BRDF1 UNITY_SPECCUBE_BOX_PROJECTION UNITY_SPECCUBE_BLENDING UNITY_ENABLE_DETAIL_NORMALMAP SHADER_API_DESKTOP UNITY_COLORSPACE_GAMMA UNITY_LIGHT_PROBE_PROXY_VOLUME UNITY_LIGHTMAP_FULL_HDR ok=1
